<html>
<body>
<pre>
<h1>µVision Build Log</h1>
<h2>Tool Versions:</h2>
IDE-Version: ¦ÌVision V5.23.0.0
Copyright (C) 2017 ARM Ltd and ARM Germany GmbH. All rights reserved.
License Information: a admin, aa, LIC=YA3Z9-4CEKT-W2LLL-00J2R-MQ36X-N00UP
 
Tool Versions:
Toolchain:       MDK-ARM Plus  Version: 5.23
Toolchain Path:  d:\Keil_v5\ARM\ARMCC\Bin
C Compiler:      Armcc.exe V5.06 update 4 (build 422)
Assembler:       Armasm.exe V5.06 update 4 (build 422)
Linker/Locator:  ArmLink.exe V5.06 update 4 (build 422)
Library Manager: ArmAr.exe V5.06 update 4 (build 422)
Hex Converter:   FromElf.exe V5.06 update 4 (build 422)
CPU DLL:         SARMCM3.DLL V5.23
Dialog DLL:      DCM.DLL V1.15.0.0
Target DLL:      CMSIS_AGDI.dll V1.27.5.0
Dialog DLL:      TCM.DLL V1.27.0.0
 
<h2>Project:</h2>
E:\Projects\STM32F4\Main\Project\MainBoard.uvprojx
Project File Date:  06/19/2020

<h2>Output:</h2>
*** Using Compiler 'V5.06 update 4 (build 422)', folder: 'd:\Keil_v5\ARM\ARMCC\Bin'
Rebuild target 'Main'
compiling gpio.c...
compiling bstring.c...
compiling main.c...
..\User\main.c(7): warning:  #177-D: variable "i"  was declared but never referenced
      u32 i;
..\User\main.c: 1 warning, 0 errors
compiling delay.c...
compiling flash.c...
compiling mi2c.c...
compiling usart1.c...
compiling usart2.c...
compiling mspi.c...
compiling rng.c...
compiling sram.c...
compiling sdio_sd.c...
compiling misc.c...
compiling stm32f4xx_adc.c...
compiling stm32f4xx_can.c...
compiling stm32f4xx_cec.c...
compiling stm32f4xx_crc.c...
compiling stm32f4xx_cryp.c...
compiling stm32f4xx_cryp_aes.c...
compiling stm32f4xx_cryp_des.c...
compiling stm32f4xx_cryp_tdes.c...
compiling stm32f4xx_dac.c...
compiling stm32f4xx_dbgmcu.c...
compiling stm32f4xx_dcmi.c...
compiling stm32f4xx_dfsdm.c...
compiling stm32f4xx_dma.c...
compiling stm32f4xx_dma2d.c...
compiling stm32f4xx_dsi.c...
compiling stm32f4xx_exti.c...
compiling stm32f4xx_flash.c...
compiling stm32f4xx_flash_ramfunc.c...
compiling stm32f4xx_fmpi2c.c...
compiling stm32f4xx_fsmc.c...
compiling stm32f4xx_gpio.c...
compiling stm32f4xx_hash.c...
compiling stm32f4xx_hash_md5.c...
compiling stm32f4xx_hash_sha1.c...
compiling stm32f4xx_i2c.c...
compiling stm32f4xx_iwdg.c...
compiling stm32f4xx_lptim.c...
compiling stm32f4xx_ltdc.c...
compiling stm32f4xx_pwr.c...
compiling stm32f4xx_qspi.c...
compiling stm32f4xx_rcc.c...
compiling stm32f4xx_rng.c...
compiling stm32f4xx_rtc.c...
compiling stm32f4xx_sai.c...
compiling stm32f4xx_sdio.c...
compiling stm32f4xx_spdifrx.c...
compiling stm32f4xx_spi.c...
compiling stm32f4xx_syscfg.c...
compiling stm32f4xx_tim.c...
compiling stm32f4xx_usart.c...
compiling stm32f4xx_wwdg.c...
assembling startup_stm32f40_41xxx.s...
compiling system_stm32f4xx.c...
compiling stm32f4x7_eth.c...
compiling diskio.c...
..\Fatfs\src\diskio.c(260): warning:  #188-D: enumerated type mixed with another type
          res = RAM_disk_ioctl(pdrv, cmd, buff);
..\Fatfs\src\diskio.c(264): warning:  #188-D: enumerated type mixed with another type
          res = MMC_disk_ioctl(pdrv, cmd, buff);
..\Fatfs\src\diskio.c(268): warning:  #188-D: enumerated type mixed with another type
          res = USB_disk_ioctl(pdrv, cmd, buff);
..\Fatfs\src\diskio.c(256): warning:  #177-D: variable "result"  was declared but never referenced
  	int result=0;
..\Fatfs\src\diskio.c: 4 warnings, 0 errors
compiling ffunicode.c...
compiling ffsystem.c...
compiling ff.c...
compiling fatfsapp.c...
..\FatfsAPP\fatfsapp.c(12): warning:  #550-D: variable "parm"  was set but never used
      MKFS_PARM parm;
..\FatfsAPP\fatfsapp.c(42): warning:  #177-D: variable "feedback"  was declared but never referenced
      FRESULT feedback = FR_OK;
..\FatfsAPP\fatfsapp.c: 2 warnings, 0 errors
compiling usbh_core.c...
compiling fatfsbase.c...
..\FatfsAPP\fatfsbase.c(66): warning:  #177-D: variable "j"  was declared but never referenced
      u32 i, j;
..\FatfsAPP\fatfsbase.c(99): warning:  #177-D: variable "j"  was declared but never referenced
      u32 i, j;
..\FatfsAPP\fatfsbase.c: 2 warnings, 0 errors
compiling usbh_hcs.c...
compiling usbh_stdreq.c...
compiling usbh_ioreq.c...
compiling usbd_core.c...
compiling usbd_req.c...
compiling usbd_ioreq.c...
compiling usb_core.c...
compiling usb_dcd.c...
compiling usb_dcd_int.c...
compiling usb_hcd.c...
compiling usbd_cdc_core.c...
..\USB_DEV_CDC\src\usbd_cdc_core.c(164): error:  #20: identifier "CDC_DATA_MAX_PACKET_SIZE" is undefined
  
_ALIGN_BEGIN uint8_t USB_Rx_Buffer   [CDC_DATA_MAX_PACKET_SIZE] __ALIGN_END ;
..\USB_DEV_CDC\src\usbd_cdc_core.c(171): error:  #20: identifier "APP_RX_DATA_SIZE" is undefined
  
_ALIGN_BEGIN uint8_t APP_Rx_Buffer   [APP_RX_DATA_SIZE] __ALIGN_END ; 
..\USB_DEV_CDC\src\usbd_cdc_core.c(179): error:  #20: identifier "CDC_CMD_PACKET_SZE" is undefined
  
_ALIGN_BEGIN uint8_t CmdBuff[CDC_CMD_PACKET_SZE] __ALIGN_END ;
..\USB_DEV_CDC\src\usbd_cdc_core.c(272): error:  #20: identifier "CDC_CMD_EP" is undefined
    CDC_CMD_EP,                     /* bEndpointAddress */
..\USB_DEV_CDC\src\usbd_cdc_core.c(298): error:  #20: identifier "CDC_OUT_EP" is undefined
    CDC_OUT_EP,                        /* bEndpointAddress */
..\USB_DEV_CDC\src\usbd_cdc_core.c(307): error:  #20: identifier "CDC_IN_EP" is undefined
    CDC_IN_EP,                         /* bEndpointAddress */
..\USB_DEV_CDC\src\usbd_cdc_core.c(701): error:  #20: identifier "CDC_IN_FRAME_INTERVAL" is undefined
    if (FrameCount++ == CDC_IN_FRAME_INTERVAL)
..\USB_DEV_CDC\src\usbd_cdc_core.c: 0 warnings, 7 errors
compiling usb_hcd_int.c...
compiling usbd_cdc_core_loopback.c...
..\USB_DEV_CDC\src\usbd_cdc_core_loopback.c(162): error:  #20: identifier "CDC_CMD_PACKET_SZE" is undefined
  
_ALIGN_BEGIN uint8_t CmdBuff[CDC_CMD_PACKET_SZE] __ALIGN_END ;
..\USB_DEV_CDC\src\usbd_cdc_core_loopback.c(246): error:  #20: identifier "CDC_CMD_EP" is undefined
    CDC_CMD_EP,                     /* bEndpointAddress */
..\USB_DEV_CDC\src\usbd_cdc_core_loopback.c(272): error:  #20: identifier "CDC_OUT_EP" is undefined
    CDC_OUT_EP,                        /* bEndpointAddress */
..\USB_DEV_CDC\src\usbd_cdc_core_loopback.c(274): error:  #20: identifier "CDC_DATA_MAX_PACKET_SIZE" is undefined
    
OBYTE(CDC_DATA_MAX_PACKET_SIZE),  /* wMaxPacketSize: */
..\USB_DEV_CDC\src\usbd_cdc_core_loopback.c(281): error:  #20: identifier "CDC_IN_EP" is undefined
    CDC_IN_EP,                         /* bEndpointAddress */
..\USB_DEV_CDC\src\usbd_cdc_core_loopback.c: 0 warnings, 5 errors
compiling usbd_cdc_if.c...
..\USB_DEV_CDC\src\usbd_cdc_if.c(56): warning:  #144-D: a value of type "uint16_t (*)(uint8_t *, uint32_t)" cannot be used to initialize an entity of type "uint16_t (*)(void)"
    TEMPLATE_DataTx,
..\USB_DEV_CDC\src\usbd_cdc_if.c: 1 warning, 0 errors
compiling usb_app.c...
compiling usb_bsp.c...
compiling usbd_desc.c...
compiling usbd_usr.c...
compiling usbh_usr.c...
..\USB_CONFIG\usbh_usr.c(218): warning:  #550-D: variable "hs"  was set but never used
      USBH_DevDesc_TypeDef *hs;
..\USB_CONFIG\usbh_usr.c(323): warning:  #940-D: missing return statement at end of non-void function "USBH_USR_UserInput" 
  }
..\USB_CONFIG\usbh_usr.c(346): warning:  #940-D: missing return statement at end of non-void function "USBH_USR_MSC_Application" 
  }
..\USB_CONFIG\usbh_usr.c(361): warning:  #177-D: function "Toggle_Leds"  was declared but never referenced
  static void Toggle_Leds(void)
..\USB_CONFIG\usbh_usr.c: 4 warnings, 0 errors
".\Objects\MainBoard.axf" - 12 Error(s), 14 Warning(s).

<h2>Collection of Component include folders:</h2>
  .\RTE\_Main
  d:\Keil_v5\ARM\PACK\Keil\STM32F4xx_DFP\2.13.0\Drivers\CMSIS\Device\ST\STM32F4xx\Include

<h2>Collection of Component Files used:</h2>
Target not created.
Build Time Elapsed:  00:00:33
</pre>
</body>
</html>
